\BOOKMARK [0][-]{Desky.0}{Desky}{}% 1
\BOOKMARK [0][-]{Titulni strana.0}{Tituln\355\040strana}{}% 2
\BOOKMARK [0][-]{Bibliograficky zaznam.0}{Bibliografick\375\040z\341znam}{}% 3
\BOOKMARK [0][-]{Bibliographic Entry.0}{Bibliographic\040Entry}{}% 4
\BOOKMARK [0][-]{Abstrakt.0}{Abstrakt}{}% 5
\BOOKMARK [0][-]{Abstract.0}{Abstract}{}% 6
\BOOKMARK [0][-]{Oficialni zadani.0}{Ofici\341ln\355\040zad\341n\355}{}% 7
\BOOKMARK [0][-]{Podekovani.0}{\376\377\000P\000o\000d\001\033\000k\000o\000v\000\341\000n\000\355}{}% 8
\BOOKMARK [0][-]{Prohlaseni.0}{Prohl\341\235en\355}{}% 9
\BOOKMARK [0][-]{Obsah.0}{Obsah}{}% 10
\BOOKMARK [0][-]{chapter*.3}{\376\377\000P\001\131\000e\000h\000l\000e\000d\000\040\000p\000o\000u\001\176\000i\000t\000\351\000h\000o\000\040\000z\000n\000a\001\015\000e\000n\000\355}{}% 11
\BOOKMARK [0][-]{chapter*.4}{\332vod}{}% 12
\BOOKMARK [0][-]{chapter.1}{Teorie}{}% 13
\BOOKMARK [1][-]{section.1.1}{Lattice\040theory}{chapter.1}% 14
\BOOKMARK [1][-]{section.1.2}{The\040Hidden\040Number\040Problem}{chapter.1}% 15
\BOOKMARK [2][-]{subsection.1.2.1}{Solving\040the\040HNP\040with\040Lattices}{section.1.2}% 16
\BOOKMARK [2][-]{subsection.1.2.2}{HNP\040and\040Bleichenbacher}{section.1.2}% 17
\BOOKMARK [0][-]{chapter.2}{Experiment}{}% 18
\BOOKMARK [0][-]{chapter*.5}{\376\377\000Z\000\341\000v\001\033\000r}{}% 19
\BOOKMARK [0][-]{chapter*.6}{\376\377\000P\001\131\000\355\000l\000o\000h\000a}{}% 20
\BOOKMARK [0][-]{chapter*.7}{Seznam\040pou\236it\351\040literatury}{}% 21
